<?xml version="1.0" encoding="UTF-8"?>
<robot generator="Robot 4.1.3 (Python 3.8.9 on darwin)" generated="20220214 01:02:29.123" rpa="false" schemaversion="2">
<suite id="s1" name="Demo" source="/Users/samquartey/Documents/PythonProject/UiAutomation/demo.robot">
<test id="s1-t1" name="Valid Login">
<kw name="Open browser session" library="resource" type="SETUP">
<kw name="Create Webdriver" library="SeleniumLibrary">
<arg>Chrome</arg>
<arg>executable_path=/Users/samquartey/Documents/PythonProject/Drivers/chromedriver</arg>
<doc>Creates an instance of Selenium WebDriver.</doc>
<msg timestamp="20220214 01:02:29.228" level="INFO">Creating an instance of the Chrome WebDriver.</msg>
<status status="PASS" starttime="20220214 01:02:29.228" endtime="20220214 01:02:30.701"/>
</kw>
<status status="PASS" starttime="20220214 01:02:29.228" endtime="20220214 01:02:30.701"/>
</kw>
<kw name="Go to login page" library="resource">
<kw name="Maximize Browser Window" library="SeleniumLibrary">
<doc>Maximizes current browser window.</doc>
<status status="PASS" starttime="20220214 01:02:30.701" endtime="20220214 01:02:30.835"/>
</kw>
<kw name="Go To" library="SeleniumLibrary">
<arg>${BaseUrl}</arg>
<doc>Navigates the current browser window to the provided ``url``.</doc>
<msg timestamp="20220214 01:02:30.835" level="INFO">Opening url 'https://onesolutionsoftwares.com/demo/my-account-2/'</msg>
<status status="PASS" starttime="20220214 01:02:30.835" endtime="20220214 01:02:35.119"/>
</kw>
<status status="PASS" starttime="20220214 01:02:30.701" endtime="20220214 01:02:35.120"/>
</kw>
<kw name="Fill the login form">
<arg>${username}</arg>
<arg>${password}</arg>
<kw name="Input Text" library="SeleniumLibrary">
<arg>username</arg>
<arg>${username}</arg>
<doc>Types the given ``text`` into the text field identified by ``locator``.</doc>
<msg timestamp="20220214 01:02:35.121" level="INFO">Typing text 'sam.a.quartey@outlook.com' into text field 'username'.</msg>
<status status="PASS" starttime="20220214 01:02:35.120" endtime="20220214 01:02:35.209"/>
</kw>
<kw name="Input Password" library="SeleniumLibrary">
<arg>password</arg>
<arg>${password}</arg>
<doc>Types the given password into the text field identified by ``locator``.</doc>
<msg timestamp="20220214 01:02:35.209" level="INFO">Typing password into text field 'password'.</msg>
<msg timestamp="20220214 01:02:35.225" level="INFO">Temporally setting log level to: NONE</msg>
<msg timestamp="20220214 01:02:35.247" level="INFO">Log level changed from NONE to INFO.</msg>
<status status="PASS" starttime="20220214 01:02:35.209" endtime="20220214 01:02:35.247"/>
</kw>
<kw name="Click Button" library="SeleniumLibrary">
<arg>${loginButton}</arg>
<doc>Clicks the button identified by ``locator``.</doc>
<msg timestamp="20220214 01:02:35.247" level="INFO">Clicking button 'css:.woocommerce-form-login__submit'.</msg>
<status status="PASS" starttime="20220214 01:02:35.247" endtime="20220214 01:02:37.290"/>
</kw>
<status status="PASS" starttime="20220214 01:02:35.120" endtime="20220214 01:02:37.290"/>
</kw>
<kw name="Then I'm on my dashboard">
<kw name="Wait Until Element Is Visible" library="SeleniumLibrary">
<arg>${myAccountElement}</arg>
<doc>Waits until the element ``locator`` is visible.</doc>
<status status="PASS" starttime="20220214 01:02:37.290" endtime="20220214 01:02:37.311"/>
</kw>
<kw name="Wait Until Element Is Visible" library="SeleniumLibrary">
<arg>${myAccountNavElement}</arg>
<doc>Waits until the element ``locator`` is visible.</doc>
<status status="PASS" starttime="20220214 01:02:37.311" endtime="20220214 01:02:37.322"/>
</kw>
<kw name="Element Text Should Be" library="SeleniumLibrary">
<arg>${logoutButton}</arg>
<arg>Logout</arg>
<doc>Verifies that element ``locator`` contains exact the text ``expected``.</doc>
<msg timestamp="20220214 01:02:37.322" level="INFO">Verifying element 'css:.woocommerce-MyAccount-navigation-link--customer-logout' contains exact text 'Logout'.</msg>
<status status="PASS" starttime="20220214 01:02:37.322" endtime="20220214 01:02:37.332"/>
</kw>
<status status="PASS" starttime="20220214 01:02:37.290" endtime="20220214 01:02:37.332"/>
</kw>
<kw name="Close browser session" library="resource" type="TEARDOWN">
<kw name="Close Browser" library="SeleniumLibrary">
<doc>Closes the current browser.</doc>
<status status="PASS" starttime="20220214 01:02:37.332" endtime="20220214 01:02:37.411"/>
</kw>
<status status="PASS" starttime="20220214 01:02:37.332" endtime="20220214 01:02:37.411"/>
</kw>
<status status="PASS" starttime="20220214 01:02:29.228" endtime="20220214 01:02:37.411"/>
</test>
<test id="s1-t2" name="Ivalid Login">
<kw name="Open browser session" library="resource" type="SETUP">
<kw name="Create Webdriver" library="SeleniumLibrary">
<arg>Chrome</arg>
<arg>executable_path=/Users/samquartey/Documents/PythonProject/Drivers/chromedriver</arg>
<doc>Creates an instance of Selenium WebDriver.</doc>
<msg timestamp="20220214 01:02:37.412" level="INFO">Creating an instance of the Chrome WebDriver.</msg>
<status status="PASS" starttime="20220214 01:02:37.412" endtime="20220214 01:02:38.928"/>
</kw>
<status status="PASS" starttime="20220214 01:02:37.411" endtime="20220214 01:02:38.928"/>
</kw>
<kw name="Go to login page" library="resource">
<kw name="Maximize Browser Window" library="SeleniumLibrary">
<doc>Maximizes current browser window.</doc>
<status status="PASS" starttime="20220214 01:02:38.929" endtime="20220214 01:02:39.050"/>
</kw>
<kw name="Go To" library="SeleniumLibrary">
<arg>${BaseUrl}</arg>
<doc>Navigates the current browser window to the provided ``url``.</doc>
<msg timestamp="20220214 01:02:39.050" level="INFO">Opening url 'https://onesolutionsoftwares.com/demo/my-account-2/'</msg>
<status status="PASS" starttime="20220214 01:02:39.050" endtime="20220214 01:02:42.334"/>
</kw>
<status status="PASS" starttime="20220214 01:02:38.928" endtime="20220214 01:02:42.334"/>
</kw>
<kw name="Fill the login form">
<arg>${badusername}</arg>
<arg>${badpassword}</arg>
<kw name="Input Text" library="SeleniumLibrary">
<arg>username</arg>
<arg>${username}</arg>
<doc>Types the given ``text`` into the text field identified by ``locator``.</doc>
<msg timestamp="20220214 01:02:42.336" level="INFO">Typing text 'quartey112233@outlook.com' into text field 'username'.</msg>
<status status="PASS" starttime="20220214 01:02:42.335" endtime="20220214 01:02:42.423"/>
</kw>
<kw name="Input Password" library="SeleniumLibrary">
<arg>password</arg>
<arg>${password}</arg>
<doc>Types the given password into the text field identified by ``locator``.</doc>
<msg timestamp="20220214 01:02:42.423" level="INFO">Typing password into text field 'password'.</msg>
<msg timestamp="20220214 01:02:42.440" level="INFO">Temporally setting log level to: NONE</msg>
<msg timestamp="20220214 01:02:42.460" level="INFO">Log level changed from NONE to INFO.</msg>
<status status="PASS" starttime="20220214 01:02:42.423" endtime="20220214 01:02:42.460"/>
</kw>
<kw name="Click Button" library="SeleniumLibrary">
<arg>${loginButton}</arg>
<doc>Clicks the button identified by ``locator``.</doc>
<msg timestamp="20220214 01:02:42.460" level="INFO">Clicking button 'css:.woocommerce-form-login__submit'.</msg>
<status status="PASS" starttime="20220214 01:02:42.460" endtime="20220214 01:02:43.598"/>
</kw>
<status status="PASS" starttime="20220214 01:02:42.335" endtime="20220214 01:02:43.598"/>
</kw>
<kw name="Then I'm not able to login">
<kw name="Wait Until Element Is Visible" library="SeleniumLibrary">
<arg>${errorElement}</arg>
<doc>Waits until the element ``locator`` is visible.</doc>
<status status="PASS" starttime="20220214 01:02:43.598" endtime="20220214 01:02:43.609"/>
</kw>
<status status="PASS" starttime="20220214 01:02:43.598" endtime="20220214 01:02:43.610"/>
</kw>
<kw name="Close browser session" library="resource" type="TEARDOWN">
<kw name="Close Browser" library="SeleniumLibrary">
<doc>Closes the current browser.</doc>
<status status="PASS" starttime="20220214 01:02:43.610" endtime="20220214 01:02:43.690"/>
</kw>
<status status="PASS" starttime="20220214 01:02:43.610" endtime="20220214 01:02:43.691"/>
</kw>
<status status="PASS" starttime="20220214 01:02:37.411" endtime="20220214 01:02:43.691"/>
</test>
<doc>Login check test.</doc>
<status status="PASS" starttime="20220214 01:02:29.124" endtime="20220214 01:02:43.691"/>
</suite>
<statistics>
<total>
<stat pass="2" fail="0" skip="0">All Tests</stat>
</total>
<tag>
</tag>
<suite>
<stat pass="2" fail="0" skip="0" id="s1" name="Demo">Demo</stat>
</suite>
</statistics>
<errors>
</errors>
</robot>
