<?xml version="1.0" encoding="UTF-8"?>
<robot generator="Robot 4.1.3 (Python 3.8.9 on darwin)" generated="20220214 01:44:49.430" rpa="false" schemaversion="2">
<suite id="s1" name="Demo" source="/Users/samquartey/Documents/PythonProject/UiAutomation/demo.robot">
<test id="s1-t1" name="Valid Login">
<kw name="Open browser session" library="resource" type="SETUP">
<kw name="Create Webdriver" library="SeleniumLibrary">
<arg>Chrome</arg>
<arg>executable_path=/Users/samquartey/Documents/PythonProject/Drivers/chromedriver</arg>
<doc>Creates an instance of Selenium WebDriver.</doc>
<msg timestamp="20220214 01:44:49.528" level="INFO">Creating an instance of the Chrome WebDriver.</msg>
<status status="PASS" starttime="20220214 01:44:49.528" endtime="20220214 01:44:51.094"/>
</kw>
<status status="PASS" starttime="20220214 01:44:49.528" endtime="20220214 01:44:51.095"/>
</kw>
<kw name="Go to login page" library="resource">
<kw name="Maximize Browser Window" library="SeleniumLibrary">
<doc>Maximizes current browser window.</doc>
<status status="PASS" starttime="20220214 01:44:51.095" endtime="20220214 01:44:51.226"/>
</kw>
<kw name="Go To" library="SeleniumLibrary">
<arg>${BaseUrl}</arg>
<doc>Navigates the current browser window to the provided ``url``.</doc>
<msg timestamp="20220214 01:44:51.226" level="INFO">Opening url 'https://onesolutionsoftwares.com/demo/my-account-2/'</msg>
<status status="PASS" starttime="20220214 01:44:51.226" endtime="20220214 01:44:55.801"/>
</kw>
<status status="PASS" starttime="20220214 01:44:51.095" endtime="20220214 01:44:55.801"/>
</kw>
<kw name="Fill the login form">
<arg>${username}</arg>
<arg>${password}</arg>
<kw name="Input Text" library="SeleniumLibrary">
<arg>username</arg>
<arg>${username}</arg>
<doc>Types the given ``text`` into the text field identified by ``locator``.</doc>
<msg timestamp="20220214 01:44:55.802" level="INFO">Typing text 'sam.a.quartey@outlook.com' into text field 'username'.</msg>
<status status="PASS" starttime="20220214 01:44:55.801" endtime="20220214 01:44:55.870"/>
</kw>
<kw name="Input Password" library="SeleniumLibrary">
<arg>password</arg>
<arg>${password}</arg>
<doc>Types the given password into the text field identified by ``locator``.</doc>
<msg timestamp="20220214 01:44:55.871" level="INFO">Typing password into text field 'password'.</msg>
<msg timestamp="20220214 01:44:55.886" level="INFO">Temporally setting log level to: NONE</msg>
<msg timestamp="20220214 01:44:55.909" level="INFO">Log level changed from NONE to INFO.</msg>
<status status="PASS" starttime="20220214 01:44:55.870" endtime="20220214 01:44:55.909"/>
</kw>
<kw name="Click Button" library="SeleniumLibrary">
<arg>${loginButton}</arg>
<doc>Clicks the button identified by ``locator``.</doc>
<msg timestamp="20220214 01:44:55.909" level="INFO">Clicking button 'css:.woocommerce-form-login__submit'.</msg>
<status status="PASS" starttime="20220214 01:44:55.909" endtime="20220214 01:44:58.272"/>
</kw>
<status status="PASS" starttime="20220214 01:44:55.801" endtime="20220214 01:44:58.272"/>
</kw>
<kw name="Then I'm on my dashboard">
<kw name="Wait Until Element Is Visible" library="SeleniumLibrary">
<arg>${myAccountElement}</arg>
<doc>Waits until the element ``locator`` is visible.</doc>
<status status="PASS" starttime="20220214 01:44:58.273" endtime="20220214 01:44:58.285"/>
</kw>
<kw name="Wait Until Element Is Visible" library="SeleniumLibrary">
<arg>${myAccountNavElement}</arg>
<doc>Waits until the element ``locator`` is visible.</doc>
<status status="PASS" starttime="20220214 01:44:58.285" endtime="20220214 01:44:58.296"/>
</kw>
<kw name="Element Text Should Be" library="SeleniumLibrary">
<arg>${logoutButton}</arg>
<arg>Logout</arg>
<doc>Verifies that element ``locator`` contains exact the text ``expected``.</doc>
<msg timestamp="20220214 01:44:58.297" level="INFO">Verifying element 'css:.woocommerce-MyAccount-navigation-link--customer-logout' contains exact text 'Logout'.</msg>
<status status="PASS" starttime="20220214 01:44:58.296" endtime="20220214 01:44:58.308"/>
</kw>
<status status="PASS" starttime="20220214 01:44:58.272" endtime="20220214 01:44:58.308"/>
</kw>
<kw name="Close browser session" library="resource" type="TEARDOWN">
<kw name="Close Browser" library="SeleniumLibrary">
<doc>Closes the current browser.</doc>
<status status="PASS" starttime="20220214 01:44:58.308" endtime="20220214 01:44:58.384"/>
</kw>
<status status="PASS" starttime="20220214 01:44:58.308" endtime="20220214 01:44:58.384"/>
</kw>
<status status="PASS" starttime="20220214 01:44:49.528" endtime="20220214 01:44:58.384"/>
</test>
<test id="s1-t2" name="Ivalid Login">
<kw name="Open browser session" library="resource" type="SETUP">
<kw name="Create Webdriver" library="SeleniumLibrary">
<arg>Chrome</arg>
<arg>executable_path=/Users/samquartey/Documents/PythonProject/Drivers/chromedriver</arg>
<doc>Creates an instance of Selenium WebDriver.</doc>
<msg timestamp="20220214 01:44:58.385" level="INFO">Creating an instance of the Chrome WebDriver.</msg>
<status status="PASS" starttime="20220214 01:44:58.384" endtime="20220214 01:44:59.793"/>
</kw>
<status status="PASS" starttime="20220214 01:44:58.384" endtime="20220214 01:44:59.793"/>
</kw>
<kw name="Go to login page" library="resource">
<kw name="Maximize Browser Window" library="SeleniumLibrary">
<doc>Maximizes current browser window.</doc>
<status status="PASS" starttime="20220214 01:44:59.793" endtime="20220214 01:44:59.921"/>
</kw>
<kw name="Go To" library="SeleniumLibrary">
<arg>${BaseUrl}</arg>
<doc>Navigates the current browser window to the provided ``url``.</doc>
<msg timestamp="20220214 01:44:59.921" level="INFO">Opening url 'https://onesolutionsoftwares.com/demo/my-account-2/'</msg>
<status status="PASS" starttime="20220214 01:44:59.921" endtime="20220214 01:45:03.871"/>
</kw>
<status status="PASS" starttime="20220214 01:44:59.793" endtime="20220214 01:45:03.872"/>
</kw>
<kw name="Fill the login form">
<arg>${badusername}</arg>
<arg>${badpassword}</arg>
<kw name="Input Text" library="SeleniumLibrary">
<arg>username</arg>
<arg>${username}</arg>
<doc>Types the given ``text`` into the text field identified by ``locator``.</doc>
<msg timestamp="20220214 01:45:03.873" level="INFO">Typing text 'quartey112233@outlook.com' into text field 'username'.</msg>
<status status="PASS" starttime="20220214 01:45:03.872" endtime="20220214 01:45:03.961"/>
</kw>
<kw name="Input Password" library="SeleniumLibrary">
<arg>password</arg>
<arg>${password}</arg>
<doc>Types the given password into the text field identified by ``locator``.</doc>
<msg timestamp="20220214 01:45:03.961" level="INFO">Typing password into text field 'password'.</msg>
<msg timestamp="20220214 01:45:03.978" level="INFO">Temporally setting log level to: NONE</msg>
<msg timestamp="20220214 01:45:03.996" level="INFO">Log level changed from NONE to INFO.</msg>
<status status="PASS" starttime="20220214 01:45:03.961" endtime="20220214 01:45:03.996"/>
</kw>
<kw name="Click Button" library="SeleniumLibrary">
<arg>${loginButton}</arg>
<doc>Clicks the button identified by ``locator``.</doc>
<msg timestamp="20220214 01:45:03.996" level="INFO">Clicking button 'css:.woocommerce-form-login__submit'.</msg>
<status status="PASS" starttime="20220214 01:45:03.996" endtime="20220214 01:45:05.442"/>
</kw>
<status status="PASS" starttime="20220214 01:45:03.872" endtime="20220214 01:45:05.442"/>
</kw>
<kw name="Then I'm not able to login">
<kw name="Wait Until Element Is Visible" library="SeleniumLibrary">
<arg>${errorElement}</arg>
<doc>Waits until the element ``locator`` is visible.</doc>
<status status="PASS" starttime="20220214 01:45:05.442" endtime="20220214 01:45:05.454"/>
</kw>
<status status="PASS" starttime="20220214 01:45:05.442" endtime="20220214 01:45:05.455"/>
</kw>
<kw name="Close browser session" library="resource" type="TEARDOWN">
<kw name="Close Browser" library="SeleniumLibrary">
<doc>Closes the current browser.</doc>
<status status="PASS" starttime="20220214 01:45:05.455" endtime="20220214 01:45:05.533"/>
</kw>
<status status="PASS" starttime="20220214 01:45:05.455" endtime="20220214 01:45:05.533"/>
</kw>
<status status="PASS" starttime="20220214 01:44:58.384" endtime="20220214 01:45:05.533"/>
</test>
<test id="s1-t3" name="Validate list">
<kw name="Open browser session" library="resource" type="SETUP">
<kw name="Create Webdriver" library="SeleniumLibrary">
<arg>Chrome</arg>
<arg>executable_path=/Users/samquartey/Documents/PythonProject/Drivers/chromedriver</arg>
<doc>Creates an instance of Selenium WebDriver.</doc>
<msg timestamp="20220214 01:45:05.534" level="INFO">Creating an instance of the Chrome WebDriver.</msg>
<status status="PASS" starttime="20220214 01:45:05.534" endtime="20220214 01:45:07.033"/>
</kw>
<status status="PASS" starttime="20220214 01:45:05.534" endtime="20220214 01:45:07.034"/>
</kw>
<kw name="Verify list are equal">
<kw name="@{expectedList} = Create List">
<arg>Home</arg>
<arg>Products</arg>
<arg>Cart</arg>
<arg>Checkout</arg>
<arg>My account</arg>
<msg timestamp="20220214 01:45:07.036" level="FAIL">No keyword with name '@{expectedList} = Create List' found.</msg>
<status status="FAIL" starttime="20220214 01:45:07.036" endtime="20220214 01:45:07.036"/>
</kw>
<kw name="${menuList} = get webelements">
<arg>css:.menu-item</arg>
<status status="NOT RUN" starttime="20220214 01:45:07.038" endtime="20220214 01:45:07.038"/>
</kw>
<kw name="For" library="Reserved">
<arg>${menu}</arg>
<arg>in</arg>
<arg>${menuList}</arg>
<status status="NOT RUN" starttime="20220214 01:45:07.038" endtime="20220214 01:45:07.038"/>
</kw>
<kw name="Log" library="BuiltIn">
<arg>${menu.text}</arg>
<doc>Logs the given message with the given level.</doc>
<status status="NOT RUN" starttime="20220214 01:45:07.038" endtime="20220214 01:45:07.038"/>
</kw>
<kw name="End" library="Reserved">
<status status="NOT RUN" starttime="20220214 01:45:07.038" endtime="20220214 01:45:07.038"/>
</kw>
<status status="FAIL" starttime="20220214 01:45:07.034" endtime="20220214 01:45:07.038"/>
</kw>
<kw name="Close browser session" library="resource" type="TEARDOWN">
<kw name="Close Browser" library="SeleniumLibrary">
<doc>Closes the current browser.</doc>
<status status="PASS" starttime="20220214 01:45:07.039" endtime="20220214 01:45:07.158"/>
</kw>
<status status="PASS" starttime="20220214 01:45:07.039" endtime="20220214 01:45:07.158"/>
</kw>
<status status="FAIL" starttime="20220214 01:45:05.533" endtime="20220214 01:45:07.158">No keyword with name '@{expectedList} = Create List' found.</status>
</test>
<doc>Login check test.</doc>
<status status="FAIL" starttime="20220214 01:44:49.431" endtime="20220214 01:45:07.158"/>
</suite>
<statistics>
<total>
<stat pass="2" fail="1" skip="0">All Tests</stat>
</total>
<tag>
</tag>
<suite>
<stat pass="2" fail="1" skip="0" id="s1" name="Demo">Demo</stat>
</suite>
</statistics>
<errors>
</errors>
</robot>
