<?xml version="1.0" encoding="UTF-8"?>
<robot generator="Robot 4.1.3 (Python 3.8.9 on darwin)" generated="20220214 00:57:49.588" rpa="false" schemaversion="2">
<suite id="s1" name="Demo" source="/Users/samquartey/Documents/PythonProject/UiAutomation/demo.robot">
<test id="s1-t1" name="Valid Login">
<kw name="Open browser" library="resource" type="SETUP">
<kw name="Create Webdriver" library="SeleniumLibrary">
<arg>Chrome</arg>
<arg>executable_path=/Users/samquartey/Documents/PythonProject/Drivers/chromedriver</arg>
<doc>Creates an instance of Selenium WebDriver.</doc>
<msg timestamp="20220214 00:57:49.688" level="INFO">Creating an instance of the Chrome WebDriver.</msg>
<status status="PASS" starttime="20220214 00:57:49.688" endtime="20220214 00:57:51.251"/>
</kw>
<status status="PASS" starttime="20220214 00:57:49.688" endtime="20220214 00:57:51.251"/>
</kw>
<kw name="Go to login page" library="resource">
<kw name="Maximize Browser Window" library="SeleniumLibrary">
<doc>Maximizes current browser window.</doc>
<status status="PASS" starttime="20220214 00:57:51.252" endtime="20220214 00:57:51.389"/>
</kw>
<kw name="Go To" library="SeleniumLibrary">
<arg>${BaseUrl}</arg>
<doc>Navigates the current browser window to the provided ``url``.</doc>
<msg timestamp="20220214 00:57:51.389" level="INFO">Opening url 'https://onesolutionsoftwares.com/demo/my-account-2/'</msg>
<status status="PASS" starttime="20220214 00:57:51.389" endtime="20220214 00:57:57.808"/>
</kw>
<status status="PASS" starttime="20220214 00:57:51.251" endtime="20220214 00:57:57.808"/>
</kw>
<kw name="Fill the login form">
<arg>${username}</arg>
<arg>${password}</arg>
<kw name="Input Text" library="SeleniumLibrary">
<arg>username</arg>
<arg>${username}</arg>
<doc>Types the given ``text`` into the text field identified by ``locator``.</doc>
<msg timestamp="20220214 00:57:57.810" level="INFO">Typing text 'sam.a.quartey@outlook.com' into text field 'username'.</msg>
<status status="PASS" starttime="20220214 00:57:57.809" endtime="20220214 00:57:57.897"/>
</kw>
<kw name="Input Password" library="SeleniumLibrary">
<arg>password</arg>
<arg>${password}</arg>
<doc>Types the given password into the text field identified by ``locator``.</doc>
<msg timestamp="20220214 00:57:57.897" level="INFO">Typing password into text field 'password'.</msg>
<msg timestamp="20220214 00:57:57.914" level="INFO">Temporally setting log level to: NONE</msg>
<msg timestamp="20220214 00:57:57.934" level="INFO">Log level changed from NONE to INFO.</msg>
<status status="PASS" starttime="20220214 00:57:57.897" endtime="20220214 00:57:57.935"/>
</kw>
<kw name="Click Button" library="SeleniumLibrary">
<arg>${loginButton}</arg>
<doc>Clicks the button identified by ``locator``.</doc>
<msg timestamp="20220214 00:57:57.935" level="INFO">Clicking button 'css:.woocommerce-form-login__submit'.</msg>
<status status="PASS" starttime="20220214 00:57:57.935" endtime="20220214 00:58:01.581"/>
</kw>
<status status="PASS" starttime="20220214 00:57:57.808" endtime="20220214 00:58:01.581"/>
</kw>
<kw name="Then I'm on my dashboard">
<kw name="Wait Until Element Is Visible" library="SeleniumLibrary">
<arg>${myAccountElement}</arg>
<doc>Waits until the element ``locator`` is visible.</doc>
<status status="PASS" starttime="20220214 00:58:01.582" endtime="20220214 00:58:01.595"/>
</kw>
<kw name="Wait Until Element Is Visible" library="SeleniumLibrary">
<arg>${myAccountNavElement}</arg>
<doc>Waits until the element ``locator`` is visible.</doc>
<status status="PASS" starttime="20220214 00:58:01.595" endtime="20220214 00:58:01.606"/>
</kw>
<kw name="Element Text Should Be" library="SeleniumLibrary">
<arg>${logoutButton}</arg>
<arg>Logout</arg>
<doc>Verifies that element ``locator`` contains exact the text ``expected``.</doc>
<msg timestamp="20220214 00:58:01.606" level="INFO">Verifying element 'css:.woocommerce-MyAccount-navigation-link--customer-logout' contains exact text 'Logout'.</msg>
<status status="PASS" starttime="20220214 00:58:01.606" endtime="20220214 00:58:01.618"/>
</kw>
<status status="PASS" starttime="20220214 00:58:01.581" endtime="20220214 00:58:01.618"/>
</kw>
<kw name="Close browser session" library="resource" type="TEARDOWN">
<kw name="Close Browser" library="SeleniumLibrary">
<doc>Closes the current browser.</doc>
<status status="PASS" starttime="20220214 00:58:01.618" endtime="20220214 00:58:01.698"/>
</kw>
<status status="PASS" starttime="20220214 00:58:01.618" endtime="20220214 00:58:01.698"/>
</kw>
<status status="PASS" starttime="20220214 00:57:49.687" endtime="20220214 00:58:01.698"/>
</test>
<test id="s1-t2" name="Ivalid Login">
<kw name="Open browser" library="resource" type="SETUP">
<kw name="Create Webdriver" library="SeleniumLibrary">
<arg>Chrome</arg>
<arg>executable_path=/Users/samquartey/Documents/PythonProject/Drivers/chromedriver</arg>
<doc>Creates an instance of Selenium WebDriver.</doc>
<msg timestamp="20220214 00:58:01.699" level="INFO">Creating an instance of the Chrome WebDriver.</msg>
<status status="PASS" starttime="20220214 00:58:01.698" endtime="20220214 00:58:03.151"/>
</kw>
<status status="PASS" starttime="20220214 00:58:01.698" endtime="20220214 00:58:03.151"/>
</kw>
<kw name="Go to login page" library="resource">
<kw name="Maximize Browser Window" library="SeleniumLibrary">
<doc>Maximizes current browser window.</doc>
<status status="PASS" starttime="20220214 00:58:03.151" endtime="20220214 00:58:03.267"/>
</kw>
<kw name="Go To" library="SeleniumLibrary">
<arg>${BaseUrl}</arg>
<doc>Navigates the current browser window to the provided ``url``.</doc>
<msg timestamp="20220214 00:58:03.268" level="INFO">Opening url 'https://onesolutionsoftwares.com/demo/my-account-2/'</msg>
<status status="PASS" starttime="20220214 00:58:03.267" endtime="20220214 00:58:06.624"/>
</kw>
<status status="PASS" starttime="20220214 00:58:03.151" endtime="20220214 00:58:06.625"/>
</kw>
<kw name="Fill the login form">
<arg>${badusername}</arg>
<arg>${badpassword}</arg>
<kw name="Input Text" library="SeleniumLibrary">
<arg>username</arg>
<arg>${username}</arg>
<doc>Types the given ``text`` into the text field identified by ``locator``.</doc>
<msg timestamp="20220214 00:58:06.626" level="INFO">Typing text 'quartey112233@outlook.com' into text field 'username'.</msg>
<status status="PASS" starttime="20220214 00:58:06.625" endtime="20220214 00:58:06.713"/>
</kw>
<kw name="Input Password" library="SeleniumLibrary">
<arg>password</arg>
<arg>${password}</arg>
<doc>Types the given password into the text field identified by ``locator``.</doc>
<msg timestamp="20220214 00:58:06.714" level="INFO">Typing password into text field 'password'.</msg>
<msg timestamp="20220214 00:58:06.730" level="INFO">Temporally setting log level to: NONE</msg>
<msg timestamp="20220214 00:58:06.750" level="INFO">Log level changed from NONE to INFO.</msg>
<status status="PASS" starttime="20220214 00:58:06.714" endtime="20220214 00:58:06.750"/>
</kw>
<kw name="Click Button" library="SeleniumLibrary">
<arg>${loginButton}</arg>
<doc>Clicks the button identified by ``locator``.</doc>
<msg timestamp="20220214 00:58:06.750" level="INFO">Clicking button 'css:.woocommerce-form-login__submit'.</msg>
<status status="PASS" starttime="20220214 00:58:06.750" endtime="20220214 00:58:07.881"/>
</kw>
<status status="PASS" starttime="20220214 00:58:06.625" endtime="20220214 00:58:07.881"/>
</kw>
<kw name="Then I'm not able to login">
<kw name="Wait Until Element Is Visible" library="SeleniumLibrary">
<arg>${errorElement}</arg>
<doc>Waits until the element ``locator`` is visible.</doc>
<status status="PASS" starttime="20220214 00:58:07.882" endtime="20220214 00:58:07.901"/>
</kw>
<status status="PASS" starttime="20220214 00:58:07.882" endtime="20220214 00:58:07.901"/>
</kw>
<kw name="Close browser session" library="resource" type="TEARDOWN">
<kw name="Close Browser" library="SeleniumLibrary">
<doc>Closes the current browser.</doc>
<status status="PASS" starttime="20220214 00:58:07.901" endtime="20220214 00:58:07.982"/>
</kw>
<status status="PASS" starttime="20220214 00:58:07.901" endtime="20220214 00:58:07.982"/>
</kw>
<status status="PASS" starttime="20220214 00:58:01.698" endtime="20220214 00:58:07.982"/>
</test>
<doc>Login check test.</doc>
<status status="PASS" starttime="20220214 00:57:49.588" endtime="20220214 00:58:07.983"/>
</suite>
<statistics>
<total>
<stat pass="2" fail="0" skip="0">All Tests</stat>
</total>
<tag>
</tag>
<suite>
<stat pass="2" fail="0" skip="0" id="s1" name="Demo">Demo</stat>
</suite>
</statistics>
<errors>
</errors>
</robot>
