<?xml version="1.0" encoding="UTF-8"?>
<robot generator="Robot 4.1.3 (Python 3.8.9 on darwin)" generated="20220213 23:54:02.912" rpa="false" schemaversion="2">
<suite id="s1" name="Uitests" source="/Users/samquartey/Documents/PythonProject/UiAutomation/uitests.robot">
<test id="s1-t1" name="Valid Login">
<kw name="Create Webdriver" library="SeleniumLibrary" type="SETUP">
<arg>Chrome</arg>
<arg>executable_path=/Users/samquartey/Documents/PythonProject/Drivers/chromedriver</arg>
<doc>Creates an instance of Selenium WebDriver.</doc>
<msg timestamp="20220213 23:54:02.996" level="INFO">Creating an instance of the Chrome WebDriver.</msg>
<status status="PASS" starttime="20220213 23:54:02.996" endtime="20220213 23:54:04.563"/>
</kw>
<kw name="Go to login page">
<kw name="Maximize Browser Window" library="SeleniumLibrary">
<doc>Maximizes current browser window.</doc>
<status status="PASS" starttime="20220213 23:54:04.564" endtime="20220213 23:54:04.683"/>
</kw>
<kw name="Go To" library="SeleniumLibrary">
<arg>${BaseUrl}</arg>
<doc>Navigates the current browser window to the provided ``url``.</doc>
<msg timestamp="20220213 23:54:04.683" level="INFO">Opening url 'https://onesolutionsoftwares.com/demo/my-account-2/'</msg>
<status status="PASS" starttime="20220213 23:54:04.683" endtime="20220213 23:54:08.555"/>
</kw>
<status status="PASS" starttime="20220213 23:54:04.564" endtime="20220213 23:54:08.555"/>
</kw>
<kw name="Fill the login form">
<kw name="Input Text" library="SeleniumLibrary">
<arg>username</arg>
<arg>sam.a.quartey@outlook.com</arg>
<doc>Types the given ``text`` into the text field identified by ``locator``.</doc>
<msg timestamp="20220213 23:54:08.556" level="INFO">Typing text 'sam.a.quartey@outlook.com' into text field 'username'.</msg>
<status status="PASS" starttime="20220213 23:54:08.556" endtime="20220213 23:54:08.638"/>
</kw>
<kw name="Input Password" library="SeleniumLibrary">
<arg>password</arg>
<arg>Nanaadum1981?</arg>
<doc>Types the given password into the text field identified by ``locator``.</doc>
<msg timestamp="20220213 23:54:08.638" level="INFO">Typing password into text field 'password'.</msg>
<msg timestamp="20220213 23:54:08.655" level="INFO">Temporally setting log level to: NONE</msg>
<msg timestamp="20220213 23:54:08.676" level="INFO">Log level changed from NONE to INFO.</msg>
<status status="PASS" starttime="20220213 23:54:08.638" endtime="20220213 23:54:08.676"/>
</kw>
<kw name="Click Button" library="SeleniumLibrary">
<arg>css:.woocommerce-form-login__submit</arg>
<doc>Clicks the button identified by ``locator``.</doc>
<msg timestamp="20220213 23:54:08.676" level="INFO">Clicking button 'css:.woocommerce-form-login__submit'.</msg>
<status status="PASS" starttime="20220213 23:54:08.676" endtime="20220213 23:54:10.775"/>
</kw>
<kw name="Wait Until Element Is Visible" library="SeleniumLibrary">
<arg>css:.woocommerce-MyAccount-content</arg>
<doc>Waits until the element ``locator`` is visible.</doc>
<status status="PASS" starttime="20220213 23:54:10.775" endtime="20220213 23:54:10.789"/>
</kw>
<kw name="Wait Until Element Is Visible" library="SeleniumLibrary">
<arg>css:.woocommerce-MyAccount-navigation</arg>
<doc>Waits until the element ``locator`` is visible.</doc>
<status status="PASS" starttime="20220213 23:54:10.789" endtime="20220213 23:54:10.801"/>
</kw>
<kw name="Element Text Should Be" library="SeleniumLibrary">
<arg>css:.woocommerce-MyAccount-navigation-link--customer-logout</arg>
<arg>Logout</arg>
<doc>Verifies that element ``locator`` contains exact the text ``expected``.</doc>
<msg timestamp="20220213 23:54:10.801" level="INFO">Verifying element 'css:.woocommerce-MyAccount-navigation-link--customer-logout' contains exact text 'Logout'.</msg>
<status status="PASS" starttime="20220213 23:54:10.801" endtime="20220213 23:54:10.811"/>
</kw>
<status status="PASS" starttime="20220213 23:54:08.555" endtime="20220213 23:54:10.811"/>
</kw>
<kw name="Close Browser" library="SeleniumLibrary" type="TEARDOWN">
<doc>Closes the current browser.</doc>
<status status="PASS" starttime="20220213 23:54:10.811" endtime="20220213 23:54:10.889"/>
</kw>
<status status="PASS" starttime="20220213 23:54:02.996" endtime="20220213 23:54:10.889"/>
</test>
<doc>Login check test.</doc>
<status status="PASS" starttime="20220213 23:54:02.913" endtime="20220213 23:54:10.890"/>
</suite>
<statistics>
<total>
<stat pass="1" fail="0" skip="0">All Tests</stat>
</total>
<tag>
</tag>
<suite>
<stat pass="1" fail="0" skip="0" id="s1" name="Uitests">Uitests</stat>
</suite>
</statistics>
<errors>
</errors>
</robot>
